#
# A fatal error has been detected by the Java Runtime Environment:
#
#  EXCEPTION_ACCESS_VIOLATION (0xc0000005) at pc=0x00007ffba66562cc, pid=12664, tid=5592
#
# JRE version: Java(TM) SE Runtime Environment 18.9 (11.0.14+8) (build 11.0.14+8-LTS-263)
# Java VM: Java HotSpot(TM) 64-Bit Server VM 18.9 (11.0.14+8-LTS-263, mixed mode, tiered, compressed oops, g1 gc, windows-amd64)
# Problematic frame:
# V  [jvm.dll+0x3162cc]
#
# No core dump will be written. Minidumps are not enabled by default on client versions of Windows
#
# If you would like to submit a bug report, please visit:
#   https://bugreport.java.com/bugreport/crash.jsp
#

---------------  S U M M A R Y ------------

Command Line: -agentlib:jdwp=transport=dt_socket,suspend=y,address=localhost:56186 -ea -javaagent:C:\LABS\eclipse-jee-2021-03-R-win32-x86_64\eclipse\configuration\org.eclipse.osgi\412\0\.cp\lib\javaagent-shaded.jar -Dfile.encoding=UTF-8 org.eclipse.jdt.internal.junit.runner.RemoteTestRunner -version 3 -port 56185 -testLoaderClass org.eclipse.jdt.internal.junit5.runner.JUnit5TestLoader -loaderpluginname org.eclipse.jdt.junit5.runtime -classNames br.inatel.project.quotantionmanagment.controller.StockControllerTest

Host: Intel(R) Core(TM) i7-10510U CPU @ 1.80GHz, 8 cores, 15G,  Windows 10 , 64 bit Build 19041 (10.0.19041.1645)
Time: Fri May 20 08:57:09 2022 E. South America Standard Time elapsed time: 300.254794 seconds (0d 0h 5m 0s)

---------------  T H R E A D  ---------------

Current thread (0x00000163552d9800):  VMThread "VM Thread" [stack: 0x0000002d99500000,0x0000002d99600000] [id=5592]

Stack: [0x0000002d99500000,0x0000002d99600000],  sp=0x0000002d995fee40,  free space=1019k
Native frames: (J=compiled Java code, j=interpreted, Vv=VM code, C=native code)
V  [jvm.dll+0x3162cc]
V  [jvm.dll+0x3183cd]
V  [jvm.dll+0x318d0e]
V  [jvm.dll+0x31656c]
V  [jvm.dll+0x3157a2]
V  [jvm.dll+0x618c25]
V  [jvm.dll+0x6189ad]
V  [jvm.dll+0x5e0133]
V  [jvm.dll+0x4ee791]
V  [jvm.dll+0x76b38c]
V  [jvm.dll+0x769707]
V  [jvm.dll+0x769f40]
V  [jvm.dll+0x76a257]
V  [jvm.dll+0x721d44]
V  [jvm.dll+0x6285d6]
C  [ucrtbase.dll+0x21bb2]
C  [KERNEL32.DLL+0x17034]
C  [ntdll.dll+0x52651]


siginfo: EXCEPTION_ACCESS_VIOLATION (0xc0000005), reading address 0x0000000000000006


Register to memory mapping:

RIP=0x00007ffba66562cc jvm.dll
RAX=0x0 is NULL
RBX=0x0000002d995ff100 points into unknown readable memory: 0x00007ffba6befdd8 | d8 fd be a6 fb 7f 00 00
RCX=0x0 is NULL
RDX=0x000000000000567e is an unknown value
RSP=0x0000002d995fee40 points into unknown readable memory: 0x0000000000000000 | 00 00 00 00 00 00 00 00
RBP=0x0 is NULL
RSI=0x0000000000000001 is an unknown value
RDI=0x00007ffba6d84888 jvm.dll
R8 =0x0 is NULL
R9 =0x0000016357c29228 is pointing into metadata
R10=0x00007ffba6340000 jvm.dll
R11=0x0000002d995feea0 points into unknown readable memory: 0x0000002d995ff100 | 00 f1 5f 99 2d 00 00 00
R12=0x0000016355294920 points into unknown readable memory: 0x00000000a6bed600 | 00 d6 be a6 00 00 00 00
R13=0x0 is NULL
R14=0x0000016357c29c53 is pointing into metadata
R15=0x0000000000000054 is an unknown value


Registers:
RAX=0x0000000000000000, RBX=0x0000002d995ff100, RCX=0x0000000000000000, RDX=0x000000000000567e
RSP=0x0000002d995fee40, RBP=0x0000000000000000, RSI=0x0000000000000001, RDI=0x00007ffba6d84888
R8 =0x0000000000000000, R9 =0x0000016357c29228, R10=0x00007ffba6340000, R11=0x0000002d995feea0
R12=0x0000016355294920, R13=0x0000000000000000, R14=0x0000016357c29c53, R15=0x0000000000000054
RIP=0x00007ffba66562cc, EFLAGS=0x0000000000010206

Top of Stack: (sp=0x0000002d995fee40)
0x0000002d995fee40:   0000000000000000 00007ffba665a183
0x0000002d995fee50:   0000002d995feed0 00000163552d9800
0x0000002d995fee60:   000000004fffffff 0000002d995fef29
0x0000002d995fee70:   0000000046000047 00007ffba665a432
0x0000002d995fee80:   00000f82b804673e 00000f82b804672e
0x0000002d995fee90:   0000016357c29c53 0000002d995fef60
0x0000002d995feea0:   0000002d995ff100 00007ffba66583cd
0x0000002d995feeb0:   0000016357c29c52 000000000000004b
0x0000002d995feec0:   0000002d995fef90 0000016357c29c30
0x0000002d995feed0:   000000000000004b 00007ffba666a66a
0x0000002d995feee0:   0000016357c29c88 00000163552d9800
0x0000002d995feef0:   0000016357c29c27 00007ffc000000e6
0x0000002d995fef00:   0000016357c29c88 00007ffba644ca0e
0x0000002d995fef10:   0000000000000054 0000016357c29c53
0x0000002d995fef20:   0000002d995fef90 00000000000000b4
0x0000002d995fef30:   00000000000000b4 00007ffba6658d0e 

Instructions: (pc=0x00007ffba66562cc)
0x00007ffba66562ac:   8b cf e8 4d 03 f2 ff 8b d0 48 8b cf e8 73 31 f2
0x00007ffba66562bc:   ff 48 63 c8 48 8b 44 cf 40 48 8d 3d bc e5 72 00
0x00007ffba66562cc:   0f b6 48 06 8b 05 ae e5 72 00 80 f9 4c 74 2b 80
0x00007ffba66562dc:   f9 5b 74 26 80 f9 4a 74 18 80 f9 44 74 13 80 f9 


Stack slot to memory mapping:
stack at sp + 0 slots: 0x0 is NULL
stack at sp + 1 slots: 0x00007ffba665a183 jvm.dll
stack at sp + 2 slots: 0x0000002d995feed0 points into unknown readable memory: 0x000000000000004b | 4b 00 00 00 00 00 00 00
stack at sp + 3 slots: 0x00000163552d9800 points into unknown readable memory: 0x00007ffba6c24798 | 98 47 c2 a6 fb 7f 00 00
stack at sp + 4 slots: 0x000000004fffffff is an unknown value
stack at sp + 5 slots: 0x0000002d995fef29 points into unknown readable memory: 00 00 00 00 00 00 00
stack at sp + 6 slots: 0x0000000046000047 is an unknown value
stack at sp + 7 slots: 0x00007ffba665a432 jvm.dll

VM_Operation (0x0000002d9a0ff510): GetOrSetLocal, mode: safepoint, requested by thread 0x0000016356011800


---------------  P R O C E S S  ---------------

Threads class SMR info:
_java_thread_list=0x0000016359398ab0, length=14, elements={
0x00000163327b2000, 0x00000163552dd000, 0x00000163552e6000, 0x0000016355bd9800,
0x0000016355bdb800, 0x0000016355bdc800, 0x0000016355bee000, 0x0000016355bf7000,
0x0000016355c06800, 0x0000016355297000, 0x0000016356011800, 0x0000016356158000,
0x0000016356159000, 0x0000016357228800
}

Java Threads: ( => current thread )
  0x00000163327b2000 JavaThread "main" [_thread_blocked, id=10508, stack(0x0000002d98f00000,0x0000002d99000000)]
  0x00000163552dd000 JavaThread "Reference Handler" daemon [_thread_blocked, id=13740, stack(0x0000002d99600000,0x0000002d99700000)]
  0x00000163552e6000 JavaThread "Finalizer" daemon [_thread_blocked, id=13676, stack(0x0000002d99700000,0x0000002d99800000)]
  0x0000016355bd9800 JavaThread "Signal Dispatcher" daemon [_thread_blocked, id=11856, stack(0x0000002d99800000,0x0000002d99900000)]
  0x0000016355bdb800 JavaThread "Attach Listener" daemon [_thread_blocked, id=10332, stack(0x0000002d99900000,0x0000002d99a00000)]
  0x0000016355bdc800 JavaThread "Service Thread" daemon [_thread_blocked, id=10312, stack(0x0000002d99a00000,0x0000002d99b00000)]
  0x0000016355bee000 JavaThread "C2 CompilerThread0" daemon [_thread_blocked, id=16244, stack(0x0000002d99b00000,0x0000002d99c00000)]
  0x0000016355bf7000 JavaThread "C1 CompilerThread0" daemon [_thread_blocked, id=11768, stack(0x0000002d99c00000,0x0000002d99d00000)]
  0x0000016355c06800 JavaThread "Sweeper thread" daemon [_thread_blocked, id=20180, stack(0x0000002d99d00000,0x0000002d99e00000)]
  0x0000016355297000 JavaThread "Common-Cleaner" daemon [_thread_blocked, id=19844, stack(0x0000002d99e00000,0x0000002d99f00000)]
  0x0000016356011800 JavaThread "JDWP Transport Listener: dt_socket" daemon [_thread_blocked, id=22900, stack(0x0000002d9a000000,0x0000002d9a100000)] _threads_hazard_ptr=0x0000016359398ab0
  0x0000016356158000 JavaThread "JDWP Event Helper Thread" daemon [_thread_blocked, id=3300, stack(0x0000002d9a100000,0x0000002d9a200000)]
  0x0000016356159000 JavaThread "JDWP Command Reader" daemon [_thread_in_native, id=16876, stack(0x0000002d9a200000,0x0000002d9a300000)]
  0x0000016357228800 JavaThread "ReaderThread" [_thread_in_native, id=6644, stack(0x0000002d9a500000,0x0000002d9a600000)]

Other Threads:
=>0x00000163552d9800 VMThread "VM Thread" [stack: 0x0000002d99500000,0x0000002d99600000] [id=5592]
  0x000001635666f800 WatcherThread [stack: 0x0000002d9a300000,0x0000002d9a400000] [id=21872]
  0x00000163327c7000 GCTaskThread "GC Thread#0" [stack: 0x0000002d99000000,0x0000002d99100000] [id=22968]
  0x00000163567e9000 GCTaskThread "GC Thread#1" [stack: 0x0000002d9a600000,0x0000002d9a700000] [id=5892]
  0x00000163567e3800 GCTaskThread "GC Thread#2" [stack: 0x0000002d9a700000,0x0000002d9a800000] [id=2104]
  0x0000016356d02800 GCTaskThread "GC Thread#3" [stack: 0x0000002d9a800000,0x0000002d9a900000] [id=21000]
  0x0000016356fb5800 GCTaskThread "GC Thread#4" [stack: 0x0000002d9a900000,0x0000002d9aa00000] [id=11060]
  0x0000016356fb6800 GCTaskThread "GC Thread#5" [stack: 0x0000002d9aa00000,0x0000002d9ab00000] [id=2340]
  0x0000016332825000 ConcurrentGCThread "G1 Main Marker" [stack: 0x0000002d99100000,0x0000002d99200000] [id=12796]
  0x0000016332828000 ConcurrentGCThread "G1 Conc#0" [stack: 0x0000002d99200000,0x0000002d99300000] [id=8992]
  0x00000163551be800 ConcurrentGCThread "G1 Refine#0" [stack: 0x0000002d99300000,0x0000002d99400000] [id=12192]
  0x00000163551bf800 ConcurrentGCThread "G1 Young RemSet Sampling" [stack: 0x0000002d99400000,0x0000002d99500000] [id=6812]

Threads with active compile tasks:

VM state:at safepoint (normal execution)

VM Mutex/Monitor currently owned by a thread:  ([mutex/lock_event])
[0x00000163327adbe0] Threads_lock - owner thread: 0x00000163552d9800

Heap address: 0x0000000703a00000, size: 4038 MB, Compressed Oops mode: Zero based, Oop shift amount: 3
Narrow klass base: 0x0000000800000000, Narrow klass shift: 0
Compressed class space size: 1073741824 Address: 0x0000000800000000

Heap:
 garbage-first heap   total 260096K, used 126323K [0x0000000703a00000, 0x0000000800000000)
  region size 1024K, 120 young (122880K), 3 survivors (3072K)
 Metaspace       used 20517K, capacity 21138K, committed 21248K, reserved 1067008K
  class space    used 2550K, capacity 2783K, committed 2816K, reserved 1048576K
Heap Regions: E=young(eden), S=young(survivor), O=old, HS=humongous(starts), HC=humongous(continues), CS=collection set, F=free, A=archive, TAMS=top-at-mark-start (previous, next)
|   0|0x0000000703a00000, 0x0000000703b00000, 0x0000000703b00000|100%|HS|  |TAMS 0x0000000703a00000, 0x0000000703a00000| Complete 
|   1|0x0000000703b00000, 0x0000000703c00000, 0x0000000703c00000|100%| O|  |TAMS 0x0000000703b00000, 0x0000000703b00000| Untracked 
|   2|0x0000000703c00000, 0x0000000703d00000, 0x0000000703d00000|100%| O|  |TAMS 0x0000000703c00000, 0x0000000703c00000| Untracked 
|   3|0x0000000703d00000, 0x0000000703e00000, 0x0000000703e00000|100%| O|  |TAMS 0x0000000703d00000, 0x0000000703d00000| Untracked 
|   4|0x0000000703e00000, 0x0000000703e5ce00, 0x0000000703f00000| 36%| O|  |TAMS 0x0000000703e00000, 0x0000000703e00000| Untracked 
|   5|0x0000000703f00000, 0x0000000703f00000, 0x0000000704000000|  0%| F|  |TAMS 0x0000000703f00000, 0x0000000703f00000| Untracked 
|   6|0x0000000704000000, 0x0000000704000000, 0x0000000704100000|  0%| F|  |TAMS 0x0000000704000000, 0x0000000704000000| Untracked 
|   7|0x0000000704100000, 0x0000000704100000, 0x0000000704200000|  0%| F|  |TAMS 0x0000000704100000, 0x0000000704100000| Untracked 
|   8|0x0000000704200000, 0x0000000704200000, 0x0000000704300000|  0%| F|  |TAMS 0x0000000704200000, 0x0000000704200000| Untracked 
|   9|0x0000000704300000, 0x0000000704300000, 0x0000000704400000|  0%| F|  |TAMS 0x0000000704300000, 0x0000000704300000| Untracked 
|  10|0x0000000704400000, 0x0000000704400000, 0x0000000704500000|  0%| F|  |TAMS 0x0000000704400000, 0x0000000704400000| Untracked 
|  11|0x0000000704500000, 0x0000000704500000, 0x0000000704600000|  0%| F|  |TAMS 0x0000000704500000, 0x0000000704500000| Untracked 
|  12|0x0000000704600000, 0x0000000704600000, 0x0000000704700000|  0%| F|  |TAMS 0x0000000704600000, 0x0000000704600000| Untracked 
|  13|0x0000000704700000, 0x0000000704700000, 0x0000000704800000|  0%| F|  |TAMS 0x0000000704700000, 0x0000000704700000| Untracked 
|  14|0x0000000704800000, 0x0000000704800000, 0x0000000704900000|  0%| F|  |TAMS 0x0000000704800000, 0x0000000704800000| Untracked 
|  15|0x0000000704900000, 0x0000000704900000, 0x0000000704a00000|  0%| F|  |TAMS 0x0000000704900000, 0x0000000704900000| Untracked 
|  16|0x0000000704a00000, 0x0000000704a00000, 0x0000000704b00000|  0%| F|  |TAMS 0x0000000704a00000, 0x0000000704a00000| Untracked 
|  17|0x0000000704b00000, 0x0000000704b00000, 0x0000000704c00000|  0%| F|  |TAMS 0x0000000704b00000, 0x0000000704b00000| Untracked 
|  18|0x0000000704c00000, 0x0000000704c00000, 0x0000000704d00000|  0%| F|  |TAMS 0x0000000704c00000, 0x0000000704c00000| Untracked 
|  19|0x0000000704d00000, 0x0000000704d00000, 0x0000000704e00000|  0%| F|  |TAMS 0x0000000704d00000, 0x0000000704d00000| Untracked 
|  20|0x0000000704e00000, 0x0000000704e00000, 0x0000000704f00000|  0%| F|  |TAMS 0x0000000704e00000, 0x0000000704e00000| Untracked 
|  21|0x0000000704f00000, 0x0000000704f00000, 0x0000000705000000|  0%| F|  |TAMS 0x0000000704f00000, 0x0000000704f00000| Untracked 
|  22|0x0000000705000000, 0x0000000705000000, 0x0000000705100000|  0%| F|  |TAMS 0x0000000705000000, 0x0000000705000000| Untracked 
|  23|0x0000000705100000, 0x0000000705100000, 0x0000000705200000|  0%| F|  |TAMS 0x0000000705100000, 0x0000000705100000| Untracked 
|  24|0x0000000705200000, 0x0000000705200000, 0x0000000705300000|  0%| F|  |TAMS 0x0000000705200000, 0x0000000705200000| Untracked 
|  25|0x0000000705300000, 0x0000000705300000, 0x0000000705400000|  0%| F|  |TAMS 0x0000000705300000, 0x0000000705300000| Untracked 
|  26|0x0000000705400000, 0x0000000705400000, 0x0000000705500000|  0%| F|  |TAMS 0x0000000705400000, 0x0000000705400000| Untracked 
|  27|0x0000000705500000, 0x0000000705500000, 0x0000000705600000|  0%| F|  |TAMS 0x0000000705500000, 0x0000000705500000| Untracked 
|  28|0x0000000705600000, 0x0000000705600000, 0x0000000705700000|  0%| F|  |TAMS 0x0000000705600000, 0x0000000705600000| Untracked 
|  29|0x0000000705700000, 0x0000000705700000, 0x0000000705800000|  0%| F|  |TAMS 0x0000000705700000, 0x0000000705700000| Untracked 
|  30|0x0000000705800000, 0x0000000705800000, 0x0000000705900000|  0%| F|  |TAMS 0x0000000705800000, 0x0000000705800000| Untracked 
|  31|0x0000000705900000, 0x0000000705900000, 0x0000000705a00000|  0%| F|  |TAMS 0x0000000705900000, 0x0000000705900000| Untracked 
|  32|0x0000000705a00000, 0x0000000705a00000, 0x0000000705b00000|  0%| F|  |TAMS 0x0000000705a00000, 0x0000000705a00000| Untracked 
|  33|0x0000000705b00000, 0x0000000705b00000, 0x0000000705c00000|  0%| F|  |TAMS 0x0000000705b00000, 0x0000000705b00000| Untracked 
|  34|0x0000000705c00000, 0x0000000705c00000, 0x0000000705d00000|  0%| F|  |TAMS 0x0000000705c00000, 0x0000000705c00000| Untracked 
|  35|0x0000000705d00000, 0x0000000705d00000, 0x0000000705e00000|  0%| F|  |TAMS 0x0000000705d00000, 0x0000000705d00000| Untracked 
|  36|0x0000000705e00000, 0x0000000705e00000, 0x0000000705f00000|  0%| F|  |TAMS 0x0000000705e00000, 0x0000000705e00000| Untracked 
|  37|0x0000000705f00000, 0x0000000705f00000, 0x0000000706000000|  0%| F|  |TAMS 0x0000000705f00000, 0x0000000705f00000| Untracked 
|  38|0x0000000706000000, 0x0000000706000000, 0x0000000706100000|  0%| F|  |TAMS 0x0000000706000000, 0x0000000706000000| Untracked 
|  39|0x0000000706100000, 0x0000000706100000, 0x0000000706200000|  0%| F|  |TAMS 0x0000000706100000, 0x0000000706100000| Untracked 
|  40|0x0000000706200000, 0x0000000706200000, 0x0000000706300000|  0%| F|  |TAMS 0x0000000706200000, 0x0000000706200000| Untracked 
|  41|0x0000000706300000, 0x0000000706300000, 0x0000000706400000|  0%| F|  |TAMS 0x0000000706300000, 0x0000000706300000| Untracked 
|  42|0x0000000706400000, 0x0000000706400000, 0x0000000706500000|  0%| F|  |TAMS 0x0000000706400000, 0x0000000706400000| Untracked 
|  43|0x0000000706500000, 0x0000000706500000, 0x0000000706600000|  0%| F|  |TAMS 0x0000000706500000, 0x0000000706500000| Untracked 
|  44|0x0000000706600000, 0x0000000706600000, 0x0000000706700000|  0%| F|  |TAMS 0x0000000706600000, 0x0000000706600000| Untracked 
|  45|0x0000000706700000, 0x0000000706700000, 0x0000000706800000|  0%| F|  |TAMS 0x0000000706700000, 0x0000000706700000| Untracked 
|  46|0x0000000706800000, 0x0000000706800000, 0x0000000706900000|  0%| F|  |TAMS 0x0000000706800000, 0x0000000706800000| Untracked 
|  47|0x0000000706900000, 0x0000000706900000, 0x0000000706a00000|  0%| F|  |TAMS 0x0000000706900000, 0x0000000706900000| Untracked 
|  48|0x0000000706a00000, 0x0000000706a00000, 0x0000000706b00000|  0%| F|  |TAMS 0x0000000706a00000, 0x0000000706a00000| Untracked 
|  49|0x0000000706b00000, 0x0000000706b00000, 0x0000000706c00000|  0%| F|  |TAMS 0x0000000706b00000, 0x0000000706b00000| Untracked 
|  50|0x0000000706c00000, 0x0000000706c00000, 0x0000000706d00000|  0%| F|  |TAMS 0x0000000706c00000, 0x0000000706c00000| Untracked 
|  51|0x0000000706d00000, 0x0000000706d00000, 0x0000000706e00000|  0%| F|  |TAMS 0x0000000706d00000, 0x0000000706d00000| Untracked 
|  52|0x0000000706e00000, 0x0000000706e00000, 0x0000000706f00000|  0%| F|  |TAMS 0x0000000706e00000, 0x0000000706e00000| Untracked 
|  53|0x0000000706f00000, 0x0000000706f00000, 0x0000000707000000|  0%| F|  |TAMS 0x0000000706f00000, 0x0000000706f00000| Untracked 
|  54|0x0000000707000000, 0x0000000707000000, 0x0000000707100000|  0%| F|  |TAMS 0x0000000707000000, 0x0000000707000000| Untracked 
|  55|0x0000000707100000, 0x0000000707100000, 0x0000000707200000|  0%| F|  |TAMS 0x0000000707100000, 0x0000000707100000| Untracked 
|  56|0x0000000707200000, 0x0000000707200000, 0x0000000707300000|  0%| F|  |TAMS 0x0000000707200000, 0x0000000707200000| Untracked 
|  57|0x0000000707300000, 0x0000000707300000, 0x0000000707400000|  0%| F|  |TAMS 0x0000000707300000, 0x0000000707300000| Untracked 
|  58|0x0000000707400000, 0x0000000707400000, 0x0000000707500000|  0%| F|  |TAMS 0x0000000707400000, 0x0000000707400000| Untracked 
|  59|0x0000000707500000, 0x0000000707500000, 0x0000000707600000|  0%| F|  |TAMS 0x0000000707500000, 0x0000000707500000| Untracked 
|  60|0x0000000707600000, 0x0000000707600000, 0x0000000707700000|  0%| F|  |TAMS 0x0000000707600000, 0x0000000707600000| Untracked 
|  61|0x0000000707700000, 0x0000000707700000, 0x0000000707800000|  0%| F|  |TAMS 0x0000000707700000, 0x0000000707700000| Untracked 
|  62|0x0000000707800000, 0x0000000707800000, 0x0000000707900000|  0%| F|  |TAMS 0x0000000707800000, 0x0000000707800000| Untracked 
|  63|0x0000000707900000, 0x0000000707900000, 0x0000000707a00000|  0%| F|  |TAMS 0x0000000707900000, 0x0000000707900000| Untracked 
|  64|0x0000000707a00000, 0x0000000707a00000, 0x0000000707b00000|  0%| F|  |TAMS 0x0000000707a00000, 0x0000000707a00000| Untracked 
|  65|0x0000000707b00000, 0x0000000707b00000, 0x0000000707c00000|  0%| F|  |TAMS 0x0000000707b00000, 0x0000000707b00000| Untracked 
|  66|0x0000000707c00000, 0x0000000707c00000, 0x0000000707d00000|  0%| F|  |TAMS 0x0000000707c00000, 0x0000000707c00000| Untracked 
|  67|0x0000000707d00000, 0x0000000707d00000, 0x0000000707e00000|  0%| F|  |TAMS 0x0000000707d00000, 0x0000000707d00000| Untracked 
|  68|0x0000000707e00000, 0x0000000707e00000, 0x0000000707f00000|  0%| F|  |TAMS 0x0000000707e00000, 0x0000000707e00000| Untracked 
|  69|0x0000000707f00000, 0x0000000707f00000, 0x0000000708000000|  0%| F|  |TAMS 0x0000000707f00000, 0x0000000707f00000| Untracked 
|  70|0x0000000708000000, 0x0000000708000000, 0x0000000708100000|  0%| F|  |TAMS 0x0000000708000000, 0x0000000708000000| Untracked 
|  71|0x0000000708100000, 0x0000000708100000, 0x0000000708200000|  0%| F|  |TAMS 0x0000000708100000, 0x0000000708100000| Untracked 
|  72|0x0000000708200000, 0x0000000708200000, 0x0000000708300000|  0%| F|  |TAMS 0x0000000708200000, 0x0000000708200000| Untracked 
|  73|0x0000000708300000, 0x0000000708300000, 0x0000000708400000|  0%| F|  |TAMS 0x0000000708300000, 0x0000000708300000| Untracked 
|  74|0x0000000708400000, 0x0000000708400000, 0x0000000708500000|  0%| F|  |TAMS 0x0000000708400000, 0x0000000708400000| Untracked 
|  75|0x0000000708500000, 0x0000000708500000, 0x0000000708600000|  0%| F|  |TAMS 0x0000000708500000, 0x0000000708500000| Untracked 
|  76|0x0000000708600000, 0x0000000708600000, 0x0000000708700000|  0%| F|  |TAMS 0x0000000708600000, 0x0000000708600000| Untracked 
|  77|0x0000000708700000, 0x0000000708700000, 0x0000000708800000|  0%| F|  |TAMS 0x0000000708700000, 0x0000000708700000| Untracked 
|  78|0x0000000708800000, 0x0000000708800000, 0x0000000708900000|  0%| F|  |TAMS 0x0000000708800000, 0x0000000708800000| Untracked 
|  79|0x0000000708900000, 0x0000000708900000, 0x0000000708a00000|  0%| F|  |TAMS 0x0000000708900000, 0x0000000708900000| Untracked 
|  80|0x0000000708a00000, 0x0000000708a00000, 0x0000000708b00000|  0%| F|  |TAMS 0x0000000708a00000, 0x0000000708a00000| Untracked 
|  81|0x0000000708b00000, 0x0000000708b00000, 0x0000000708c00000|  0%| F|  |TAMS 0x0000000708b00000, 0x0000000708b00000| Untracked 
|  82|0x0000000708c00000, 0x0000000708c00000, 0x0000000708d00000|  0%| F|  |TAMS 0x0000000708c00000, 0x0000000708c00000| Untracked 
|  83|0x0000000708d00000, 0x0000000708d00000, 0x0000000708e00000|  0%| F|  |TAMS 0x0000000708d00000, 0x0000000708d00000| Untracked 
|  84|0x0000000708e00000, 0x0000000708e00000, 0x0000000708f00000|  0%| F|  |TAMS 0x0000000708e00000, 0x0000000708e00000| Untracked 
|  85|0x0000000708f00000, 0x0000000708f00000, 0x0000000709000000|  0%| F|  |TAMS 0x0000000708f00000, 0x0000000708f00000| Untracked 
|  86|0x0000000709000000, 0x0000000709000000, 0x0000000709100000|  0%| F|  |TAMS 0x0000000709000000, 0x0000000709000000| Untracked 
|  87|0x0000000709100000, 0x0000000709100000, 0x0000000709200000|  0%| F|  |TAMS 0x0000000709100000, 0x0000000709100000| Untracked 
|  88|0x0000000709200000, 0x0000000709200000, 0x0000000709300000|  0%| F|  |TAMS 0x0000000709200000, 0x0000000709200000| Untracked 
|  89|0x0000000709300000, 0x0000000709300000, 0x0000000709400000|  0%| F|  |TAMS 0x0000000709300000, 0x0000000709300000| Untracked 
|  90|0x0000000709400000, 0x0000000709400000, 0x0000000709500000|  0%| F|  |TAMS 0x0000000709400000, 0x0000000709400000| Untracked 
|  91|0x0000000709500000, 0x0000000709500000, 0x0000000709600000|  0%| F|  |TAMS 0x0000000709500000, 0x0000000709500000| Untracked 
|  92|0x0000000709600000, 0x0000000709600000, 0x0000000709700000|  0%| F|  |TAMS 0x0000000709600000, 0x0000000709600000| Untracked 
|  93|0x0000000709700000, 0x0000000709700000, 0x0000000709800000|  0%| F|  |TAMS 0x0000000709700000, 0x0000000709700000| Untracked 
|  94|0x0000000709800000, 0x0000000709800000, 0x0000000709900000|  0%| F|  |TAMS 0x0000000709800000, 0x0000000709800000| Untracked 
|  95|0x0000000709900000, 0x0000000709900000, 0x0000000709a00000|  0%| F|  |TAMS 0x0000000709900000, 0x0000000709900000| Untracked 
|  96|0x0000000709a00000, 0x0000000709a00000, 0x0000000709b00000|  0%| F|  |TAMS 0x0000000709a00000, 0x0000000709a00000| Untracked 
|  97|0x0000000709b00000, 0x0000000709b00000, 0x0000000709c00000|  0%| F|  |TAMS 0x0000000709b00000, 0x0000000709b00000| Untracked 
|  98|0x0000000709c00000, 0x0000000709c00000, 0x0000000709d00000|  0%| F|  |TAMS 0x0000000709c00000, 0x0000000709c00000| Untracked 
|  99|0x0000000709d00000, 0x0000000709d00000, 0x0000000709e00000|  0%| F|  |TAMS 0x0000000709d00000, 0x0000000709d00000| Untracked 
| 100|0x0000000709e00000, 0x0000000709e00000, 0x0000000709f00000|  0%| F|  |TAMS 0x0000000709e00000, 0x0000000709e00000| Untracked 
| 101|0x0000000709f00000, 0x0000000709f00000, 0x000000070a000000|  0%| F|  |TAMS 0x0000000709f00000, 0x0000000709f00000| Untracked 
| 102|0x000000070a000000, 0x000000070a000000, 0x000000070a100000|  0%| F|  |TAMS 0x000000070a000000, 0x000000070a000000| Untracked 
| 103|0x000000070a100000, 0x000000070a100000, 0x000000070a200000|  0%| F|  |TAMS 0x000000070a100000, 0x000000070a100000| Untracked 
| 104|0x000000070a200000, 0x000000070a200000, 0x000000070a300000|  0%| F|  |TAMS 0x000000070a200000, 0x000000070a200000| Untracked 
| 105|0x000000070a300000, 0x000000070a300000, 0x000000070a400000|  0%| F|  |TAMS 0x000000070a300000, 0x000000070a300000| Untracked 
| 106|0x000000070a400000, 0x000000070a400000, 0x000000070a500000|  0%| F|  |TAMS 0x000000070a400000, 0x000000070a400000| Untracked 
| 107|0x000000070a500000, 0x000000070a500000, 0x000000070a600000|  0%| F|  |TAMS 0x000000070a500000, 0x000000070a500000| Untracked 
| 108|0x000000070a600000, 0x000000070a600000, 0x000000070a700000|  0%| F|  |TAMS 0x000000070a600000, 0x000000070a600000| Untracked 
| 109|0x000000070a700000, 0x000000070a700000, 0x000000070a800000|  0%| F|  |TAMS 0x000000070a700000, 0x000000070a700000| Untracked 
| 110|0x000000070a800000, 0x000000070a800000, 0x000000070a900000|  0%| F|  |TAMS 0x000000070a800000, 0x000000070a800000| Untracked 
| 111|0x000000070a900000, 0x000000070a900000, 0x000000070aa00000|  0%| F|  |TAMS 0x000000070a900000, 0x000000070a900000| Untracked 
| 112|0x000000070aa00000, 0x000000070aa00000, 0x000000070ab00000|  0%| F|  |TAMS 0x000000070aa00000, 0x000000070aa00000| Untracked 
| 113|0x000000070ab00000, 0x000000070ab00000, 0x000000070ac00000|  0%| F|  |TAMS 0x000000070ab00000, 0x000000070ab00000| Untracked 
| 114|0x000000070ac00000, 0x000000070ac00000, 0x000000070ad00000|  0%| F|  |TAMS 0x000000070ac00000, 0x000000070ac00000| Untracked 
| 115|0x000000070ad00000, 0x000000070ad00000, 0x000000070ae00000|  0%| F|  |TAMS 0x000000070ad00000, 0x000000070ad00000| Untracked 
| 116|0x000000070ae00000, 0x000000070ae00000, 0x000000070af00000|  0%| F|  |TAMS 0x000000070ae00000, 0x000000070ae00000| Untracked 
| 117|0x000000070af00000, 0x000000070af00000, 0x000000070b000000|  0%| F|  |TAMS 0x000000070af00000, 0x000000070af00000| Untracked 
| 118|0x000000070b000000, 0x000000070b000000, 0x000000070b100000|  0%| F|  |TAMS 0x000000070b000000, 0x000000070b000000| Untracked 
| 119|0x000000070b100000, 0x000000070b100000, 0x000000070b200000|  0%| F|  |TAMS 0x000000070b100000, 0x000000070b100000| Untracked 
| 120|0x000000070b200000, 0x000000070b200000, 0x000000070b300000|  0%| F|  |TAMS 0x000000070b200000, 0x000000070b200000| Untracked 
| 121|0x000000070b300000, 0x000000070b300000, 0x000000070b400000|  0%| F|  |TAMS 0x000000070b300000, 0x000000070b300000| Untracked 
| 122|0x000000070b400000, 0x000000070b400000, 0x000000070b500000|  0%| F|  |TAMS 0x000000070b400000, 0x000000070b400000| Untracked 
| 123|0x000000070b500000, 0x000000070b500000, 0x000000070b600000|  0%| F|  |TAMS 0x000000070b500000, 0x000000070b500000| Untracked 
| 124|0x000000070b600000, 0x000000070b600000, 0x000000070b700000|  0%| F|  |TAMS 0x000000070b600000, 0x000000070b600000| Untracked 
| 125|0x000000070b700000, 0x000000070b700000, 0x000000070b800000|  0%| F|  |TAMS 0x000000070b700000, 0x000000070b700000| Untracked 
| 126|0x000000070b800000, 0x000000070b800000, 0x000000070b900000|  0%| F|  |TAMS 0x000000070b800000, 0x000000070b800000| Untracked 
| 127|0x000000070b900000, 0x000000070b900000, 0x000000070ba00000|  0%| F|  |TAMS 0x000000070b900000, 0x000000070b900000| Untracked 
| 128|0x000000070ba00000, 0x000000070ba00000, 0x000000070bb00000|  0%| F|  |TAMS 0x000000070ba00000, 0x000000070ba00000| Untracked 
| 129|0x000000070bb00000, 0x000000070bb00000, 0x000000070bc00000|  0%| F|  |TAMS 0x000000070bb00000, 0x000000070bb00000| Untracked 
| 130|0x000000070bc00000, 0x000000070bc00000, 0x000000070bd00000|  0%| F|  |TAMS 0x000000070bc00000, 0x000000070bc00000| Untracked 
| 131|0x000000070bd00000, 0x000000070bd00000, 0x000000070be00000|  0%| F|  |TAMS 0x000000070bd00000, 0x000000070bd00000| Untracked 
| 132|0x000000070be00000, 0x000000070be00000, 0x000000070bf00000|  0%| F|  |TAMS 0x000000070be00000, 0x000000070be00000| Untracked 
| 133|0x000000070bf00000, 0x000000070bf00000, 0x000000070c000000|  0%| F|  |TAMS 0x000000070bf00000, 0x000000070bf00000| Untracked 
| 134|0x000000070c000000, 0x000000070c080800, 0x000000070c100000| 50%| E|  |TAMS 0x000000070c000000, 0x000000070c000000| Complete 
| 135|0x000000070c100000, 0x000000070c200000, 0x000000070c200000|100%| E|CS|TAMS 0x000000070c100000, 0x000000070c100000| Complete 
| 136|0x000000070c200000, 0x000000070c300000, 0x000000070c300000|100%| E|CS|TAMS 0x000000070c200000, 0x000000070c200000| Complete 
| 137|0x000000070c300000, 0x000000070c400000, 0x000000070c400000|100%| E|CS|TAMS 0x000000070c300000, 0x000000070c300000| Complete 
| 138|0x000000070c400000, 0x000000070c500000, 0x000000070c500000|100%| E|CS|TAMS 0x000000070c400000, 0x000000070c400000| Complete 
| 139|0x000000070c500000, 0x000000070c600000, 0x000000070c600000|100%| E|CS|TAMS 0x000000070c500000, 0x000000070c500000| Complete 
| 140|0x000000070c600000, 0x000000070c700000, 0x000000070c700000|100%| E|CS|TAMS 0x000000070c600000, 0x000000070c600000| Complete 
| 141|0x000000070c700000, 0x000000070c800000, 0x000000070c800000|100%| E|CS|TAMS 0x000000070c700000, 0x000000070c700000| Complete 
| 142|0x000000070c800000, 0x000000070c900000, 0x000000070c900000|100%| E|CS|TAMS 0x000000070c800000, 0x000000070c800000| Complete 
| 143|0x000000070c900000, 0x000000070ca00000, 0x000000070ca00000|100%| E|CS|TAMS 0x000000070c900000, 0x000000070c900000| Complete 
| 144|0x000000070ca00000, 0x000000070cb00000, 0x000000070cb00000|100%| E|CS|TAMS 0x000000070ca00000, 0x000000070ca00000| Complete 
| 145|0x000000070cb00000, 0x000000070cc00000, 0x000000070cc00000|100%| E|CS|TAMS 0x000000070cb00000, 0x000000070cb00000| Complete 
| 146|0x000000070cc00000, 0x000000070cd00000, 0x000000070cd00000|100%| E|CS|TAMS 0x000000070cc00000, 0x000000070cc00000| Complete 
| 147|0x000000070cd00000, 0x000000070ce00000, 0x000000070ce00000|100%| E|CS|TAMS 0x000000070cd00000, 0x000000070cd00000| Complete 
| 148|0x000000070ce00000, 0x000000070cf00000, 0x000000070cf00000|100%| E|CS|TAMS 0x000000070ce00000, 0x000000070ce00000| Complete 
| 149|0x000000070cf00000, 0x000000070d000000, 0x000000070d000000|100%| E|CS|TAMS 0x000000070cf00000, 0x000000070cf00000| Complete 
| 150|0x000000070d000000, 0x000000070d100000, 0x000000070d100000|100%| E|CS|TAMS 0x000000070d000000, 0x000000070d000000| Complete 
| 151|0x000000070d100000, 0x000000070d200000, 0x000000070d200000|100%| E|CS|TAMS 0x000000070d100000, 0x000000070d100000| Complete 
| 152|0x000000070d200000, 0x000000070d300000, 0x000000070d300000|100%| E|CS|TAMS 0x000000070d200000, 0x000000070d200000| Complete 
| 153|0x000000070d300000, 0x000000070d400000, 0x000000070d400000|100%| E|CS|TAMS 0x000000070d300000, 0x000000070d300000| Complete 
| 154|0x000000070d400000, 0x000000070d500000, 0x000000070d500000|100%| E|CS|TAMS 0x000000070d400000, 0x000000070d400000| Complete 
| 155|0x000000070d500000, 0x000000070d600000, 0x000000070d600000|100%| E|CS|TAMS 0x000000070d500000, 0x000000070d500000| Complete 
| 156|0x000000070d600000, 0x000000070d700000, 0x000000070d700000|100%| E|CS|TAMS 0x000000070d600000, 0x000000070d600000| Complete 
| 157|0x000000070d700000, 0x000000070d800000, 0x000000070d800000|100%| E|CS|TAMS 0x000000070d700000, 0x000000070d700000| Complete 
| 158|0x000000070d800000, 0x000000070d900000, 0x000000070d900000|100%| E|CS|TAMS 0x000000070d800000, 0x000000070d800000| Complete 
| 159|0x000000070d900000, 0x000000070da00000, 0x000000070da00000|100%| E|CS|TAMS 0x000000070d900000, 0x000000070d900000| Complete 
| 160|0x000000070da00000, 0x000000070db00000, 0x000000070db00000|100%| E|CS|TAMS 0x000000070da00000, 0x000000070da00000| Complete 
| 161|0x000000070db00000, 0x000000070dc00000, 0x000000070dc00000|100%| E|CS|TAMS 0x000000070db00000, 0x000000070db00000| Complete 
| 162|0x000000070dc00000, 0x000000070dd00000, 0x000000070dd00000|100%| E|CS|TAMS 0x000000070dc00000, 0x000000070dc00000| Complete 
| 163|0x000000070dd00000, 0x000000070de00000, 0x000000070de00000|100%| E|CS|TAMS 0x000000070dd00000, 0x000000070dd00000| Complete 
| 164|0x000000070de00000, 0x000000070df00000, 0x000000070df00000|100%| E|CS|TAMS 0x000000070de00000, 0x000000070de00000| Complete 
| 165|0x000000070df00000, 0x000000070e000000, 0x000000070e000000|100%| E|CS|TAMS 0x000000070df00000, 0x000000070df00000| Complete 
| 166|0x000000070e000000, 0x000000070e100000, 0x000000070e100000|100%| E|CS|TAMS 0x000000070e000000, 0x000000070e000000| Complete 
| 167|0x000000070e100000, 0x000000070e200000, 0x000000070e200000|100%| E|CS|TAMS 0x000000070e100000, 0x000000070e100000| Complete 
| 168|0x000000070e200000, 0x000000070e300000, 0x000000070e300000|100%| E|CS|TAMS 0x000000070e200000, 0x000000070e200000| Complete 
| 169|0x000000070e300000, 0x000000070e400000, 0x000000070e400000|100%| E|CS|TAMS 0x000000070e300000, 0x000000070e300000| Complete 
| 170|0x000000070e400000, 0x000000070e500000, 0x000000070e500000|100%| E|CS|TAMS 0x000000070e400000, 0x000000070e400000| Complete 
| 171|0x000000070e500000, 0x000000070e600000, 0x000000070e600000|100%| E|CS|TAMS 0x000000070e500000, 0x000000070e500000| Complete 
| 172|0x000000070e600000, 0x000000070e700000, 0x000000070e700000|100%| E|CS|TAMS 0x000000070e600000, 0x000000070e600000| Complete 
| 173|0x000000070e700000, 0x000000070e800000, 0x000000070e800000|100%| E|CS|TAMS 0x000000070e700000, 0x000000070e700000| Complete 
| 174|0x000000070e800000, 0x000000070e900000, 0x000000070e900000|100%| E|CS|TAMS 0x000000070e800000, 0x000000070e800000| Complete 
| 175|0x000000070e900000, 0x000000070ea00000, 0x000000070ea00000|100%| E|CS|TAMS 0x000000070e900000, 0x000000070e900000| Complete 
| 176|0x000000070ea00000, 0x000000070eb00000, 0x000000070eb00000|100%| E|CS|TAMS 0x000000070ea00000, 0x000000070ea00000| Complete 
| 177|0x000000070eb00000, 0x000000070ec00000, 0x000000070ec00000|100%| E|CS|TAMS 0x000000070eb00000, 0x000000070eb00000| Complete 
| 178|0x000000070ec00000, 0x000000070ed00000, 0x000000070ed00000|100%| E|CS|TAMS 0x000000070ec00000, 0x000000070ec00000| Complete 
| 179|0x000000070ed00000, 0x000000070ee00000, 0x000000070ee00000|100%| E|CS|TAMS 0x000000070ed00000, 0x000000070ed00000| Complete 
| 180|0x000000070ee00000, 0x000000070ef00000, 0x000000070ef00000|100%| E|CS|TAMS 0x000000070ee00000, 0x000000070ee00000| Complete 
| 181|0x000000070ef00000, 0x000000070f000000, 0x000000070f000000|100%| E|CS|TAMS 0x000000070ef00000, 0x000000070ef00000| Complete 
| 182|0x000000070f000000, 0x000000070f100000, 0x000000070f100000|100%| E|CS|TAMS 0x000000070f000000, 0x000000070f000000| Complete 
| 183|0x000000070f100000, 0x000000070f200000, 0x000000070f200000|100%| E|CS|TAMS 0x000000070f100000, 0x000000070f100000| Complete 
| 184|0x000000070f200000, 0x000000070f300000, 0x000000070f300000|100%| E|CS|TAMS 0x000000070f200000, 0x000000070f200000| Complete 
| 185|0x000000070f300000, 0x000000070f400000, 0x000000070f400000|100%| E|CS|TAMS 0x000000070f300000, 0x000000070f300000| Complete 
| 186|0x000000070f400000, 0x000000070f500000, 0x000000070f500000|100%| E|CS|TAMS 0x000000070f400000, 0x000000070f400000| Complete 
| 187|0x000000070f500000, 0x000000070f600000, 0x000000070f600000|100%| E|CS|TAMS 0x000000070f500000, 0x000000070f500000| Complete 
| 188|0x000000070f600000, 0x000000070f700000, 0x000000070f700000|100%| E|CS|TAMS 0x000000070f600000, 0x000000070f600000| Complete 
| 189|0x000000070f700000, 0x000000070f800000, 0x000000070f800000|100%| E|CS|TAMS 0x000000070f700000, 0x000000070f700000| Complete 
| 190|0x000000070f800000, 0x000000070f900000, 0x000000070f900000|100%| E|CS|TAMS 0x000000070f800000, 0x000000070f800000| Complete 
| 191|0x000000070f900000, 0x000000070fa00000, 0x000000070fa00000|100%| E|CS|TAMS 0x000000070f900000, 0x000000070f900000| Complete 
| 192|0x000000070fa00000, 0x000000070fb00000, 0x000000070fb00000|100%| E|CS|TAMS 0x000000070fa00000, 0x000000070fa00000| Complete 
| 193|0x000000070fb00000, 0x000000070fc00000, 0x000000070fc00000|100%| E|CS|TAMS 0x000000070fb00000, 0x000000070fb00000| Complete 
| 194|0x000000070fc00000, 0x000000070fd00000, 0x000000070fd00000|100%| E|CS|TAMS 0x000000070fc00000, 0x000000070fc00000| Complete 
| 195|0x000000070fd00000, 0x000000070fe00000, 0x000000070fe00000|100%| E|CS|TAMS 0x000000070fd00000, 0x000000070fd00000| Complete 
| 196|0x000000070fe00000, 0x000000070ff00000, 0x000000070ff00000|100%| E|CS|TAMS 0x000000070fe00000, 0x000000070fe00000| Complete 
| 197|0x000000070ff00000, 0x0000000710000000, 0x0000000710000000|100%| E|CS|TAMS 0x000000070ff00000, 0x000000070ff00000| Complete 
| 198|0x0000000710000000, 0x0000000710100000, 0x0000000710100000|100%| E|CS|TAMS 0x0000000710000000, 0x0000000710000000| Complete 
| 199|0x0000000710100000, 0x0000000710200000, 0x0000000710200000|100%| E|CS|TAMS 0x0000000710100000, 0x0000000710100000| Complete 
| 200|0x0000000710200000, 0x0000000710300000, 0x0000000710300000|100%| E|CS|TAMS 0x0000000710200000, 0x0000000710200000| Complete 
| 201|0x0000000710300000, 0x0000000710400000, 0x0000000710400000|100%| E|CS|TAMS 0x0000000710300000, 0x0000000710300000| Complete 
| 202|0x0000000710400000, 0x0000000710500000, 0x0000000710500000|100%| E|CS|TAMS 0x0000000710400000, 0x0000000710400000| Complete 
| 203|0x0000000710500000, 0x0000000710600000, 0x0000000710600000|100%| E|CS|TAMS 0x0000000710500000, 0x0000000710500000| Complete 
| 204|0x0000000710600000, 0x0000000710700000, 0x0000000710700000|100%| E|CS|TAMS 0x0000000710600000, 0x0000000710600000| Complete 
| 205|0x0000000710700000, 0x0000000710800000, 0x0000000710800000|100%| E|CS|TAMS 0x0000000710700000, 0x0000000710700000| Complete 
| 206|0x0000000710800000, 0x0000000710900000, 0x0000000710900000|100%| E|CS|TAMS 0x0000000710800000, 0x0000000710800000| Complete 
| 207|0x0000000710900000, 0x0000000710a00000, 0x0000000710a00000|100%| E|CS|TAMS 0x0000000710900000, 0x0000000710900000| Complete 
| 208|0x0000000710a00000, 0x0000000710b00000, 0x0000000710b00000|100%| E|CS|TAMS 0x0000000710a00000, 0x0000000710a00000| Complete 
| 209|0x0000000710b00000, 0x0000000710c00000, 0x0000000710c00000|100%| E|CS|TAMS 0x0000000710b00000, 0x0000000710b00000| Complete 
| 210|0x0000000710c00000, 0x0000000710d00000, 0x0000000710d00000|100%| E|CS|TAMS 0x0000000710c00000, 0x0000000710c00000| Complete 
| 211|0x0000000710d00000, 0x0000000710e00000, 0x0000000710e00000|100%| E|CS|TAMS 0x0000000710d00000, 0x0000000710d00000| Complete 
| 212|0x0000000710e00000, 0x0000000710f00000, 0x0000000710f00000|100%| E|CS|TAMS 0x0000000710e00000, 0x0000000710e00000| Complete 
| 213|0x0000000710f00000, 0x0000000711000000, 0x0000000711000000|100%| E|CS|TAMS 0x0000000710f00000, 0x0000000710f00000| Complete 
| 214|0x0000000711000000, 0x0000000711100000, 0x0000000711100000|100%| E|CS|TAMS 0x0000000711000000, 0x0000000711000000| Complete 
| 215|0x0000000711100000, 0x0000000711200000, 0x0000000711200000|100%| E|CS|TAMS 0x0000000711100000, 0x0000000711100000| Complete 
| 216|0x0000000711200000, 0x0000000711300000, 0x0000000711300000|100%| E|CS|TAMS 0x0000000711200000, 0x0000000711200000| Complete 
| 217|0x0000000711300000, 0x0000000711400000, 0x0000000711400000|100%| E|CS|TAMS 0x0000000711300000, 0x0000000711300000| Complete 
| 218|0x0000000711400000, 0x0000000711500000, 0x0000000711500000|100%| E|CS|TAMS 0x0000000711400000, 0x0000000711400000| Complete 
| 219|0x0000000711500000, 0x0000000711600000, 0x0000000711600000|100%| E|CS|TAMS 0x0000000711500000, 0x0000000711500000| Complete 
| 220|0x0000000711600000, 0x0000000711700000, 0x0000000711700000|100%| E|CS|TAMS 0x0000000711600000, 0x0000000711600000| Complete 
| 221|0x0000000711700000, 0x0000000711800000, 0x0000000711800000|100%| E|CS|TAMS 0x0000000711700000, 0x0000000711700000| Complete 
| 222|0x0000000711800000, 0x0000000711900000, 0x0000000711900000|100%| E|CS|TAMS 0x0000000711800000, 0x0000000711800000| Complete 
| 223|0x0000000711900000, 0x0000000711a00000, 0x0000000711a00000|100%| E|CS|TAMS 0x0000000711900000, 0x0000000711900000| Complete 
| 224|0x0000000711a00000, 0x0000000711b00000, 0x0000000711b00000|100%| E|CS|TAMS 0x0000000711a00000, 0x0000000711a00000| Complete 
| 225|0x0000000711b00000, 0x0000000711c00000, 0x0000000711c00000|100%| E|CS|TAMS 0x0000000711b00000, 0x0000000711b00000| Complete 
| 226|0x0000000711c00000, 0x0000000711d00000, 0x0000000711d00000|100%| E|CS|TAMS 0x0000000711c00000, 0x0000000711c00000| Complete 
| 227|0x0000000711d00000, 0x0000000711e00000, 0x0000000711e00000|100%| S|CS|TAMS 0x0000000711d00000, 0x0000000711d00000| Complete 
| 228|0x0000000711e00000, 0x0000000711f00000, 0x0000000711f00000|100%| S|CS|TAMS 0x0000000711e00000, 0x0000000711e00000| Complete 
| 229|0x0000000711f00000, 0x0000000712000000, 0x0000000712000000|100%| S|CS|TAMS 0x0000000711f00000, 0x0000000711f00000| Complete 
| 230|0x0000000712000000, 0x0000000712100000, 0x0000000712100000|100%| E|CS|TAMS 0x0000000712000000, 0x0000000712000000| Complete 
| 231|0x0000000712100000, 0x0000000712200000, 0x0000000712200000|100%| E|CS|TAMS 0x0000000712100000, 0x0000000712100000| Complete 
| 232|0x0000000712200000, 0x0000000712300000, 0x0000000712300000|100%| E|CS|TAMS 0x0000000712200000, 0x0000000712200000| Complete 
| 233|0x0000000712300000, 0x0000000712400000, 0x0000000712400000|100%| E|CS|TAMS 0x0000000712300000, 0x0000000712300000| Complete 
| 234|0x0000000712400000, 0x0000000712500000, 0x0000000712500000|100%| E|CS|TAMS 0x0000000712400000, 0x0000000712400000| Complete 
| 235|0x0000000712500000, 0x0000000712600000, 0x0000000712600000|100%| E|CS|TAMS 0x0000000712500000, 0x0000000712500000| Complete 
| 236|0x0000000712600000, 0x0000000712700000, 0x0000000712700000|100%| E|CS|TAMS 0x0000000712600000, 0x0000000712600000| Complete 
| 237|0x0000000712700000, 0x0000000712800000, 0x0000000712800000|100%| E|CS|TAMS 0x0000000712700000, 0x0000000712700000| Complete 
| 238|0x0000000712800000, 0x0000000712900000, 0x0000000712900000|100%| E|CS|TAMS 0x0000000712800000, 0x0000000712800000| Complete 
| 239|0x0000000712900000, 0x0000000712a00000, 0x0000000712a00000|100%| E|CS|TAMS 0x0000000712900000, 0x0000000712900000| Complete 
| 240|0x0000000712a00000, 0x0000000712b00000, 0x0000000712b00000|100%| E|CS|TAMS 0x0000000712a00000, 0x0000000712a00000| Complete 
| 241|0x0000000712b00000, 0x0000000712c00000, 0x0000000712c00000|100%| E|CS|TAMS 0x0000000712b00000, 0x0000000712b00000| Complete 
| 242|0x0000000712c00000, 0x0000000712d00000, 0x0000000712d00000|100%| E|CS|TAMS 0x0000000712c00000, 0x0000000712c00000| Complete 
| 243|0x0000000712d00000, 0x0000000712e00000, 0x0000000712e00000|100%| E|CS|TAMS 0x0000000712d00000, 0x0000000712d00000| Complete 
| 244|0x0000000712e00000, 0x0000000712f00000, 0x0000000712f00000|100%| E|CS|TAMS 0x0000000712e00000, 0x0000000712e00000| Complete 
| 245|0x0000000712f00000, 0x0000000713000000, 0x0000000713000000|100%| E|CS|TAMS 0x0000000712f00000, 0x0000000712f00000| Complete 
| 246|0x0000000713000000, 0x0000000713100000, 0x0000000713100000|100%| E|CS|TAMS 0x0000000713000000, 0x0000000713000000| Complete 
| 247|0x0000000713100000, 0x0000000713200000, 0x0000000713200000|100%| E|CS|TAMS 0x0000000713100000, 0x0000000713100000| Complete 
| 248|0x0000000713200000, 0x0000000713300000, 0x0000000713300000|100%| E|CS|TAMS 0x0000000713200000, 0x0000000713200000| Complete 
| 249|0x0000000713300000, 0x0000000713400000, 0x0000000713400000|100%| E|CS|TAMS 0x0000000713300000, 0x0000000713300000| Complete 
| 250|0x0000000713400000, 0x0000000713500000, 0x0000000713500000|100%| E|CS|TAMS 0x0000000713400000, 0x0000000713400000| Complete 
| 251|0x0000000713500000, 0x0000000713600000, 0x0000000713600000|100%| E|CS|TAMS 0x0000000713500000, 0x0000000713500000| Complete 
| 252|0x0000000713600000, 0x0000000713700000, 0x0000000713700000|100%| E|CS|TAMS 0x0000000713600000, 0x0000000713600000| Complete 
| 253|0x0000000713700000, 0x0000000713800000, 0x0000000713800000|100%| E|CS|TAMS 0x0000000713700000, 0x0000000713700000| Complete 

Card table byte_map: [0x0000016349940000,0x000001634a130000] _byte_map_base: 0x0000016346123000

Marking Bits (Prev, Next): (CMBitMap*) 0x0000016332814398, (CMBitMap*) 0x00000163328143d0
 Prev Bits: [0x000001634a920000, 0x000001634e838000)
 Next Bits: [0x000001634e840000, 0x0000016352758000)

Polling page: 0x0000016330920000

Metaspace:

Usage:
  Non-class:     17.92 MB capacity,    17.55 MB ( 98%) used,   321.41 KB (  2%) free+waste,    66.25 KB ( <1%) overhead. 
      Class:      2.72 MB capacity,     2.49 MB ( 92%) used,   199.58 KB (  7%) free+waste,    33.19 KB (  1%) overhead. 
       Both:     20.64 MB capacity,    20.04 MB ( 97%) used,   520.98 KB (  2%) free+waste,    99.44 KB ( <1%) overhead. 

Virtual space:
  Non-class space:       18.00 MB reserved,      18.00 MB (100%) committed 
      Class space:        1.00 GB reserved,       2.75 MB ( <1%) committed 
             Both:        1.02 GB reserved,      20.75 MB (  2%) committed 

Chunk freelists:
   Non-Class:  1.63 KB
       Class:  128 bytes
        Both:  1.75 KB

CodeHeap 'non-profiled nmethods': size=120000Kb used=1420Kb max_used=1420Kb free=118579Kb
 bounds [0x00000163418f0000, 0x0000016341b60000, 0x0000016348e20000]
CodeHeap 'profiled nmethods': size=120000Kb used=5342Kb max_used=5342Kb free=114657Kb
 bounds [0x000001633a3c0000, 0x000001633a900000, 0x00000163418f0000]
CodeHeap 'non-nmethods': size=5760Kb used=1190Kb max_used=1294Kb free=4570Kb
 bounds [0x0000016339e20000, 0x000001633a090000, 0x000001633a3c0000]
 total_blobs=2896 nmethods=2499 adapters=315
 compilation: enabled
              stopped_count=0, restarted_count=0
 full_count=0

Compilation events (10 events):
Event: 1.865 Thread 0x0000016355bf7000 nmethod 2490 0x000001633a8f5690 code [0x000001633a8f59a0, 0x000001633a8f6f28]
Event: 1.978 Thread 0x0000016355bee000 nmethod 2477 0x0000016341a24990 code [0x0000016341a24e20, 0x0000016341a2b538]
Event: 1.978 Thread 0x0000016355bee000 2493       4       java.util.LinkedHashMap$LinkedHashIterator::hasNext (13 bytes)
Event: 1.978 Thread 0x0000016355bee000 nmethod 2493 0x0000016341a2e810 code [0x0000016341a2e980, 0x0000016341a2e9f8]
Event: 1.978 Thread 0x0000016355bee000 2496       4       java.util.LinkedHashMap::get (33 bytes)
Event: 1.981 Thread 0x0000016355bee000 nmethod 2496 0x0000016341a2ea90 code [0x0000016341a2ec20, 0x0000016341a2ef38]
Event: 1.981 Thread 0x0000016355bee000 2478       4       org.eclipse.jdt.launching.internal.org.objectweb.asm.ClassWriter::visitEnd (1 bytes)
Event: 1.981 Thread 0x0000016355bee000 nmethod 2478 0x0000016341a2f190 code [0x0000016341a2f300, 0x0000016341a2f358]
Event: 2.067 Thread 0x0000016355bf9800 nmethod 2199 0x0000016341a2f410 code [0x0000016341a2f960, 0x0000016341a3d5a8]
Event: 2.165 Thread 0x0000016355bf7800 nmethod 2473 0x0000016341a43b90 code [0x0000016341a44320, 0x0000016341a4ecd8]

GC Heap History (2 events):
Event: 0.677 GC heap before
{Heap before GC invocations=0 (full 0):
 garbage-first heap   total 260096K, used 24576K [0x0000000703a00000, 0x0000000800000000)
  region size 1024K, 24 young (24576K), 0 survivors (0K)
 Metaspace       used 10746K, capacity 10941K, committed 11008K, reserved 1058816K
  class space    used 969K, capacity 1009K, committed 1024K, reserved 1048576K
}
Event: 0.681 GC heap after
{Heap after GC invocations=1 (full 0):
 garbage-first heap   total 260096K, used 7539K [0x0000000703a00000, 0x0000000800000000)
  region size 1024K, 3 young (3072K), 3 survivors (3072K)
 Metaspace       used 10746K, capacity 10941K, committed 11008K, reserved 1058816K
  class space    used 969K, capacity 1009K, committed 1024K, reserved 1048576K
}

Deoptimization events (10 events):
Event: 0.767 Thread 0x00000163327b2000 Uncommon trap: reason=unstable_if action=reinterpret pc=0x0000016341951644 method=org.eclipse.jdt.launching.internal.org.objectweb.asm.ByteVector.putShort(I)Lorg/eclipse/jdt/launching/internal/org/objectweb/asm/ByteVector; @ 13 c2
Event: 0.780 Thread 0x00000163327b2000 Uncommon trap: reason=class_check action=maybe_recompile pc=0x000001634195b07c method=java.util.HashMap.putVal(ILjava/lang/Object;Ljava/lang/Object;ZZ)Ljava/lang/Object; @ 253 c2
Event: 0.780 Thread 0x00000163327b2000 Uncommon trap: reason=class_check action=maybe_recompile pc=0x000001634195b07c method=java.util.HashMap.putVal(ILjava/lang/Object;Ljava/lang/Object;ZZ)Ljava/lang/Object; @ 253 c2
Event: 0.784 Thread 0x00000163327b2000 Uncommon trap: reason=class_check action=maybe_recompile pc=0x000001634195b07c method=java.util.HashMap.putVal(ILjava/lang/Object;Ljava/lang/Object;ZZ)Ljava/lang/Object; @ 253 c2
Event: 0.940 Thread 0x00000163327b2000 Uncommon trap: reason=unstable_if action=reinterpret pc=0x0000016341924770 method=java.lang.String.startsWith(Ljava/lang/String;I)Z @ 14 c2
Event: 0.959 Thread 0x00000163327b2000 Uncommon trap: reason=unstable_if action=reinterpret pc=0x000001634192e604 method=org.eclipse.jdt.launching.internal.org.objectweb.asm.ClassReader.readUtf(II[C)Ljava/lang/String; @ 41 c2
Event: 0.959 Thread 0x00000163327b2000 Uncommon trap: reason=unstable_if action=reinterpret pc=0x00000163418fa2c0 method=java.lang.String.isLatin1()Z @ 10 c2
Event: 0.959 Thread 0x00000163327b2000 Uncommon trap: reason=unstable_if action=reinterpret pc=0x00000163419047c4 method=java.lang.CharacterData.of(I)Ljava/lang/CharacterData; @ 4 c2
Event: 1.017 Thread 0x00000163327b2000 Uncommon trap: reason=unstable_if action=reinterpret pc=0x000001634196f110 method=java.util.concurrent.ConcurrentHashMap.get(Ljava/lang/Object;)Ljava/lang/Object; @ 76 c2
Event: 1.188 Thread 0x00000163327b2000 Uncommon trap: reason=unstable_if action=reinterpret pc=0x0000016341969c98 method=sun.reflect.generics.parser.SignatureParser.current()C @ 39 c2

Classes redefined (2 events):
Event: 19.604 Thread 0x00000163552d9800 redefined class name=br.inatel.project.quotantionmanagment.controller.StockControllerTest, count=1
Event: 300.210 Thread 0x00000163552d9800 redefined class name=br.inatel.project.quotantionmanagment.controller.StockControllerTest, count=2

Internal exceptions (10 events):
Event: 0.943 Thread 0x00000163327b2000 Exception <a 'java/lang/NoSuchMethodError'{0x0000000711746f58}: java.lang.invoke.DirectMethodHandle$Holder.invokeStatic(Ljava/lang/Object;Ljava/lang/Object;Ljava/lang/Object;Ljava/lang/Object;Ljava/lang/Object;)V> (0x0000000711746f58) thrown at [./open/sr
Event: 0.944 Thread 0x00000163327b2000 Exception <a 'java/lang/NoSuchMethodError'{0x00000007117553a0}: java.lang.invoke.Invokers$Holder.linkToTargetMethod(Ljava/lang/Object;Ljava/lang/Object;Ljava/lang/Object;Ljava/lang/Object;Ljava/lang/Object;Ljava/lang/Object;Ljava/lang/Object;)Ljava/lang/O
Event: 0.944 Thread 0x00000163327b2000 Exception <a 'java/lang/NoSuchMethodError'{0x000000071175b0b0}: java.lang.invoke.DirectMethodHandle$Holder.invokeInterface(Ljava/lang/Object;Ljava/lang/Object;Ljava/lang/Object;Ljava/lang/Object;Ljava/lang/Object;)Ljava/lang/Object;> (0x000000071175b0b0) 
Event: 0.944 Thread 0x00000163327b2000 Exception <a 'java/lang/IncompatibleClassChangeError'{0x000000071175e808}: Found class java.lang.Object, but interface was expected> (0x000000071175e808) thrown at [./open/src/hotspot/share/interpreter/linkResolver.cpp, line 838]
Event: 0.949 Thread 0x00000163327b2000 Exception <a 'java/lang/NoSuchMethodError'{0x000000071160c518}: java.lang.invoke.DirectMethodHandle$Holder.invokeInterface(Ljava/lang/Object;Ljava/lang/Object;)I> (0x000000071160c518) thrown at [./open/src/hotspot/share/interpreter/linkResolver.cpp, line 
Event: 0.953 Thread 0x00000163327b2000 Exception <a 'java/lang/IncompatibleClassChangeError'{0x000000071164b0d0}: Found class java.lang.Object, but interface was expected> (0x000000071164b0d0) thrown at [./open/src/hotspot/share/interpreter/linkResolver.cpp, line 838]
Event: 1.022 Thread 0x00000163327b2000 Exception <a 'java/lang/NoSuchMethodError'{0x0000000710e770b8}: java.lang.invoke.DirectMethodHandle$Holder.invokeStaticInit(Ljava/lang/Object;Ljava/lang/Object;Ljava/lang/Object;Ljava/lang/Object;)I> (0x0000000710e770b8) thrown at [./open/src/hotspot/shar
Event: 1.023 Thread 0x00000163327b2000 Exception <a 'java/lang/IncompatibleClassChangeError'{0x0000000710e80028}: Found class java.lang.Object, but interface was expected> (0x0000000710e80028) thrown at [./open/src/hotspot/share/interpreter/linkResolver.cpp, line 838]
Event: 1.023 Thread 0x00000163327b2000 Exception <a 'java/lang/NoSuchMethodError'{0x0000000710e83870}: java.lang.invoke.DirectMethodHandle$Holder.invokeStaticInit(Ljava/lang/Object;Ljava/lang/Object;)V> (0x0000000710e83870) thrown at [./open/src/hotspot/share/interpreter/linkResolver.cpp, line
Event: 1.286 Thread 0x00000163327b2000 Exception <a 'java/lang/ClassNotFoundException'{0x000000070f288d68}: java/lang/ClassLoader$ByteBuddyAccessor$tUNmjsSv> (0x000000070f288d68) thrown at [./open/src/hotspot/share/classfile/systemDictionary.cpp, line 226]

Events (10 events):
Event: 300.220 Executing VM operation: GetStackTrace done
Event: 300.239 Executing VM operation: GetFrameCount
Event: 300.239 Executing VM operation: GetFrameCount done
Event: 300.239 Executing VM operation: GetOwnedMonitorInfo
Event: 300.239 Executing VM operation: GetOwnedMonitorInfo done
Event: 300.239 Executing VM operation: GetCurrentContendedMonitor
Event: 300.239 Executing VM operation: GetCurrentContendedMonitor done
Event: 300.242 Executing VM operation: GetFrameLocation
Event: 300.242 Executing VM operation: GetFrameLocation done
Event: 300.242 Executing VM operation: GetOrSetLocal


Dynamic libraries:
0x00007ff6e07e0000 - 0x00007ff6e07ef000 	C:\Program Files\Java\jdk-11.0.14\bin\javaw.exe
0x00007ffc50770000 - 0x00007ffc50965000 	C:\Windows\SYSTEM32\ntdll.dll
0x00007ffc4f920000 - 0x00007ffc4f9de000 	C:\Windows\System32\KERNEL32.DLL
0x00007ffc4e500000 - 0x00007ffc4e7c8000 	C:\Windows\System32\KERNELBASE.dll
0x00007ffc4df20000 - 0x00007ffc4e020000 	C:\Windows\System32\ucrtbase.dll
0x00007ffc30720000 - 0x00007ffc30735000 	C:\Program Files\Java\jdk-11.0.14\bin\VCRUNTIME140.dll
0x00007ffc456c0000 - 0x00007ffc456d8000 	C:\Program Files\Java\jdk-11.0.14\bin\jli.dll
0x00007ffc4f710000 - 0x00007ffc4f7be000 	C:\Windows\System32\ADVAPI32.dll
0x00007ffc4ea60000 - 0x00007ffc4eafe000 	C:\Windows\System32\msvcrt.dll
0x00007ffc4f9e0000 - 0x00007ffc4fa7c000 	C:\Windows\System32\sechost.dll
0x00007ffc503b0000 - 0x00007ffc504d5000 	C:\Windows\System32\RPCRT4.dll
0x00007ffc50590000 - 0x00007ffc50730000 	C:\Windows\System32\USER32.dll
0x00007ffc4d390000 - 0x00007ffc4d62a000 	C:\Windows\WinSxS\amd64_microsoft.windows.common-controls_6595b64144ccf1df_6.0.19041.1110_none_60b5254171f9507e\COMCTL32.dll
0x00007ffc4e360000 - 0x00007ffc4e382000 	C:\Windows\System32\win32u.dll
0x00007ffc4e8f0000 - 0x00007ffc4e91a000 	C:\Windows\System32\GDI32.dll
0x00007ffc4e020000 - 0x00007ffc4e12b000 	C:\Windows\System32\gdi32full.dll
0x00007ffc4e160000 - 0x00007ffc4e1fd000 	C:\Windows\System32\msvcp_win.dll
0x00007ffc44ad0000 - 0x00007ffc44ada000 	C:\Windows\SYSTEM32\VERSION.dll
0x00007ffc504e0000 - 0x00007ffc50510000 	C:\Windows\System32\IMM32.DLL
0x00007ffc1b7c0000 - 0x00007ffc1b85b000 	C:\Program Files\Java\jdk-11.0.14\bin\msvcp140.dll
0x00007ffba6340000 - 0x00007ffba6e56000 	C:\Program Files\Java\jdk-11.0.14\bin\server\jvm.dll
0x00007ffc4f010000 - 0x00007ffc4f018000 	C:\Windows\System32\PSAPI.DLL
0x00007ffc30010000 - 0x00007ffc30019000 	C:\Windows\SYSTEM32\WSOCK32.dll
0x00007ffc34710000 - 0x00007ffc34737000 	C:\Windows\SYSTEM32\WINMM.dll
0x00007ffc4f680000 - 0x00007ffc4f6eb000 	C:\Windows\System32\WS2_32.dll
0x00007ffc4b920000 - 0x00007ffc4b932000 	C:\Windows\SYSTEM32\kernel.appcore.dll
0x00007ffc45fe0000 - 0x00007ffc45ff0000 	C:\Program Files\Java\jdk-11.0.14\bin\verify.dll
0x00007ffc4d840000 - 0x00007ffc4da24000 	C:\Windows\SYSTEM32\DBGHELP.DLL
0x00007ffc4d810000 - 0x00007ffc4d83c000 	C:\Windows\SYSTEM32\dbgcore.DLL
0x00007ffc4de90000 - 0x00007ffc4df12000 	C:\Windows\System32\bcryptPrimitives.dll
0x00007ffc27330000 - 0x00007ffc27358000 	C:\Program Files\Java\jdk-11.0.14\bin\java.dll
0x00007ffc30790000 - 0x00007ffc3079a000 	C:\Program Files\Java\jdk-11.0.14\bin\jimage.dll
0x00007ffc23d20000 - 0x00007ffc23d58000 	C:\Program Files\Java\jdk-11.0.14\bin\jdwp.dll
0x00007ffc30710000 - 0x00007ffc3071e000 	C:\Program Files\Java\jdk-11.0.14\bin\instrument.dll
0x00007ffc2a520000 - 0x00007ffc2a536000 	C:\Program Files\Java\jdk-11.0.14\bin\zip.dll
0x00007ffc4fb30000 - 0x00007ffc50274000 	C:\Windows\System32\SHELL32.dll
0x00007ffc4b170000 - 0x00007ffc4b904000 	C:\Windows\SYSTEM32\windows.storage.dll
0x00007ffc4ecb0000 - 0x00007ffc4f004000 	C:\Windows\System32\combase.dll
0x00007ffc4d0d0000 - 0x00007ffc4d0fc000 	C:\Windows\SYSTEM32\Wldp.dll
0x00007ffc4e920000 - 0x00007ffc4e9cd000 	C:\Windows\System32\SHCORE.dll
0x00007ffc4e7d0000 - 0x00007ffc4e825000 	C:\Windows\System32\shlwapi.dll
0x00007ffc4ddd0000 - 0x00007ffc4ddef000 	C:\Windows\SYSTEM32\profapi.dll
0x00007ffc2ff70000 - 0x00007ffc2ff7a000 	C:\Program Files\Java\jdk-11.0.14\bin\dt_socket.dll
0x00007ffc4ceb0000 - 0x00007ffc4cf1a000 	C:\Windows\System32\mswsock.dll
0x00007ffc4cc00000 - 0x00007ffc4cccb000 	C:\Windows\SYSTEM32\DNSAPI.dll
0x00007ffc4cbc0000 - 0x00007ffc4cbfb000 	C:\Windows\SYSTEM32\IPHLPAPI.DLL
0x00007ffc4f6f0000 - 0x00007ffc4f6f8000 	C:\Windows\System32\NSI.dll
0x00007ffc46bc0000 - 0x00007ffc46c3f000 	C:\Windows\System32\fwpuclnt.dll
0x00007ffc4e130000 - 0x00007ffc4e157000 	C:\Windows\System32\bcrypt.dll
0x00007ffc44290000 - 0x00007ffc4429a000 	C:\Windows\System32\rasadhlp.dll
0x00007ffc27a30000 - 0x00007ffc27a49000 	C:\Program Files\Java\jdk-11.0.14\bin\net.dll
0x00007ffc47790000 - 0x00007ffc4789a000 	C:\Windows\SYSTEM32\WINHTTP.dll
0x00007ffc27800000 - 0x00007ffc27812000 	C:\Program Files\Java\jdk-11.0.14\bin\nio.dll

dbghelp: loaded successfully - version: 4.0.5 - missing functions: none
symbol engine: initialized successfully - sym options: 0x614 - pdb path: .;C:\Program Files\Java\jdk-11.0.14\bin;C:\Windows\SYSTEM32;C:\Windows\WinSxS\amd64_microsoft.windows.common-controls_6595b64144ccf1df_6.0.19041.1110_none_60b5254171f9507e;C:\Program Files\Java\jdk-11.0.14\bin\server

VM Arguments:
jvm_args: -agentlib:jdwp=transport=dt_socket,suspend=y,address=localhost:56186 -ea -javaagent:C:\LABS\eclipse-jee-2021-03-R-win32-x86_64\eclipse\configuration\org.eclipse.osgi\412\0\.cp\lib\javaagent-shaded.jar -Dfile.encoding=UTF-8 
java_command: org.eclipse.jdt.internal.junit.runner.RemoteTestRunner -version 3 -port 56185 -testLoaderClass org.eclipse.jdt.internal.junit5.runner.JUnit5TestLoader -loaderpluginname org.eclipse.jdt.junit5.runtime -classNames br.inatel.project.quotantionmanagment.controller.StockControllerTest
java_class_path (initial): C:\LABS\workspace-idp-labs\quotantion-managment\quotantion-managment\target\test-classes;C:\LABS\workspace-idp-labs\quotantion-managment\quotantion-managment\target\classes;C:\Users\eduardo.santos\.m2\repository\org\springframework\boot\spring-boot-starter-data-jpa\2.6.7\spring-boot-starter-data-jpa-2.6.7.jar;C:\Users\eduardo.santos\.m2\repository\org\springframework\boot\spring-boot-starter-aop\2.6.7\spring-boot-starter-aop-2.6.7.jar;C:\Users\eduardo.santos\.m2\repository\org\springframework\spring-aop\5.3.19\spring-aop-5.3.19.jar;C:\Users\eduardo.santos\.m2\repository\org\aspectj\aspectjweaver\1.9.7\aspectjweaver-1.9.7.jar;C:\Users\eduardo.santos\.m2\repository\org\springframework\boot\spring-boot-starter-jdbc\2.6.7\spring-boot-starter-jdbc-2.6.7.jar;C:\Users\eduardo.santos\.m2\repository\com\zaxxer\HikariCP\4.0.3\HikariCP-4.0.3.jar;C:\Users\eduardo.santos\.m2\repository\org\springframework\spring-jdbc\5.3.19\spring-jdbc-5.3.19.jar;C:\Users\eduardo.santos\.m2\repository\jakarta\transaction\jakarta.transaction-api\1.3.3\jakarta.transaction-api-1.3.3.jar;C:\Users\eduardo.santos\.m2\repository\jakarta\persistence\jakarta.persistence-api\2.2.3\jakarta.persistence-api-2.2.3.jar;C:\Users\eduardo.santos\.m2\repository\org\hibernate\hibernate-core\5.6.8.Final\hibernate-core-5.6.8.Final.jar;C:\Users\eduardo.santos\.m2\repository\org\jboss\logging\jboss-logging\3.4.3.Final\jboss-logging-3.4.3.Final.jar;C:\Users\eduardo.santos\.m2\repository\net\bytebuddy\byte-buddy\1.11.22\byte-buddy-1.11.22.jar;C:\Users\eduardo.santos\.m2\repository\antlr\antlr\2.7.7\antlr-2.7.7.jar;C:\Users\eduardo.santos\.m2\repository\org\jboss\jandex\2.4.2.Final\jandex-2.4.2.Final.jar;C:\Users\eduardo.santos\.m2\repository\org\hibernate\common\hibernate-commons-annotations\5.1.2.Final\hibernate-commons-annotations-5.1.2.Final.jar;C:\Users\eduardo.santos\.m2\repository\org\glassfish\jaxb\jaxb-runtime\2.3.6\jaxb-runtime-2.3.6.jar;C:\Users\eduardo.santos\.m2\repository\org\gla
Launcher Type: SUN_STANDARD

[Global flags]
     intx CICompilerCount                          = 4                                         {product} {ergonomic}
     uint ConcGCThreads                            = 2                                         {product} {ergonomic}
     uint G1ConcRefinementThreads                  = 8                                         {product} {ergonomic}
   size_t G1HeapRegionSize                         = 1048576                                   {product} {ergonomic}
    uintx GCDrainStackTargetSize                   = 64                                        {product} {ergonomic}
   size_t InitialHeapSize                          = 266338304                                 {product} {ergonomic}
   size_t MarkStackSize                            = 4194304                                   {product} {ergonomic}
   size_t MaxHeapSize                              = 4234149888                                {product} {ergonomic}
   size_t MaxNewSize                               = 2539651072                                {product} {ergonomic}
   size_t MinHeapDeltaBytes                        = 1048576                                   {product} {ergonomic}
    uintx NonNMethodCodeHeapSize                   = 5836300                                {pd product} {ergonomic}
    uintx NonProfiledCodeHeapSize                  = 122910970                              {pd product} {ergonomic}
    uintx ProfiledCodeHeapSize                     = 122910970                              {pd product} {ergonomic}
    uintx ReservedCodeCacheSize                    = 251658240                              {pd product} {ergonomic}
     bool SegmentedCodeCache                       = true                                      {product} {ergonomic}
     bool UseCompressedClassPointers               = true                                 {lp64_product} {ergonomic}
     bool UseCompressedOops                        = true                                 {lp64_product} {ergonomic}
     bool UseG1GC                                  = true                                      {product} {ergonomic}
     bool UseLargePagesIndividualAllocation        = false                                  {pd product} {ergonomic}

Logging:
Log output configuration:
 #0: stdout all=warning uptime,level,tags
 #1: stderr all=off uptime,level,tags

Environment Variables:
PATH=C:/LABS/eclipse-jee-2021-03-R-win32-x86_64/eclipse//plugins/org.eclipse.justj.openjdk.hotspot.jre.full.win32.x86_64_15.0.2.v20210201-0955/jre/bin/server;C:/LABS/eclipse-jee-2021-03-R-win32-x86_64/eclipse//plugins/org.eclipse.justj.openjdk.hotspot.jre.full.win32.x86_64_15.0.2.v20210201-0955/jre/bin;C:\Program Files\Common Files\Oracle\Java\javapath;C:\Program Files (x86)\Common Files\Oracle\Java\javapath;C:\Windows\system32;C:\Windows;C:\Windows\System32\Wbem;C:\Windows\System32\WindowsPowerShell\v1.0\;C:\Windows\System32\OpenSSH\;C:\Program Files (x86)\Pulse Secure\VC142.CRT\X64\;C:\Program Files (x86)\Pulse Secure\VC142.CRT\X86\;C:\Program Files\dotnet\;C:\Program Files\Git\cmd;C:\Users\eduardo.santos\AppData\Local\Microsoft\WindowsApps;;C:\LABS\eclipse-jee-2021-03-R-win32-x86_64\eclipse;
USERNAME=eduardo.santos
OS=Windows_NT
PROCESSOR_IDENTIFIER=Intel64 Family 6 Model 142 Stepping 12, GenuineIntel



---------------  S Y S T E M  ---------------

OS: Windows 10 , 64 bit Build 19041 (10.0.19041.1645)
Hyper-V role detected

CPU:total 8 (initial active 8) (4 cores per cpu, 2 threads per core) family 6 model 142 stepping 12 microcode 0xde, cmov, cx8, fxsr, mmx, sse, sse2, sse3, ssse3, sse4.1, sse4.2, popcnt, avx, avx2, aes, clmul, erms, 3dnowpref, lzcnt, ht, tsc, tscinvbit, bmi1, bmi2, adx, fma

Memory: 4k page, system-wide physical 16144M (7096M free)
TotalPageFile size 18576M (AvailPageFile size 7270M)
current process WorkingSet (physical memory assigned to process): 196M, peak: 297M
current process commit charge ("private bytes"): 371M, peak: 477M

vm_info: Java HotSpot(TM) 64-Bit Server VM (11.0.14+8-LTS-263) for windows-amd64 JRE (11.0.14+8-LTS-263), built on Dec  7 2021 21:53:57 by "mach5one" with MS VC++ 15.9 (VS2017)

END.
